<?xml version="1.0" encoding="UTF-8" ?>
<testsuite tests="19" failures="5" name="com.playtech.runner.RunnerTest" time="168.396" errors="0" skipped="0">
  <properties>
    <property name="java.runtime.name" value="Java(TM) SE Runtime Environment"/>
    <property name="sun.boot.library.path" value="C:\Program Files\Java\jre1.8.0_51\bin"/>
    <property name="java.vm.version" value="25.51-b03"/>
    <property name="java.vm.vendor" value="Oracle Corporation"/>
    <property name="maven.multiModuleProjectDirectory" value="C:\Users\Usuario\Documents\Filipe\QA\pthomework"/>
    <property name="java.vendor.url" value="http://java.oracle.com/"/>
    <property name="path.separator" value=";"/>
    <property name="guice.disable.misplaced.annotation.check" value="true"/>
    <property name="java.vm.name" value="Java HotSpot(TM) 64-Bit Server VM"/>
    <property name="file.encoding.pkg" value="sun.io"/>
    <property name="user.script" value=""/>
    <property name="user.country" value="BR"/>
    <property name="sun.java.launcher" value="SUN_STANDARD"/>
    <property name="sun.os.patch.level" value=""/>
    <property name="java.vm.specification.name" value="Java Virtual Machine Specification"/>
    <property name="user.dir" value="C:\Users\Usuario\Documents\Filipe\QA\pthomework"/>
    <property name="java.runtime.version" value="1.8.0_51-b16"/>
    <property name="java.awt.graphicsenv" value="sun.awt.Win32GraphicsEnvironment"/>
    <property name="java.endorsed.dirs" value="C:\Program Files\Java\jre1.8.0_51\lib\endorsed"/>
    <property name="os.arch" value="amd64"/>
    <property name="java.io.tmpdir" value="C:\Users\Usuario\AppData\Local\Temp\"/>
    <property name="line.separator" value="
"/>
    <property name="java.vm.specification.vendor" value="Oracle Corporation"/>
    <property name="user.variant" value=""/>
    <property name="os.name" value="Windows 8.1"/>
    <property name="classworlds.conf" value="C:\Program Files\Java\apache-maven-3.8.4\bin\m2.conf"/>
    <property name="sun.jnu.encoding" value="Cp1252"/>
    <property name="java.library.path" value="C:\ProgramData\Oracle\Java\javapath;C:\WINDOWS\Sun\Java\bin;C:\WINDOWS\system32;C:\WINDOWS;C:\ProgramData\Oracle\Java\javapath;C:\Program Files\Common Files\Oracle\Java\javapath;C:\Program Files (x86)\Intel\iCLS Client\;C:\Program Files\Intel\iCLS Client\;C:\WINDOWS\system32;C:\WINDOWS;C:\WINDOWS\System32\Wbem;C:\WINDOWS\System32\WindowsPowerShell\v1.0\;C:\Program Files\Git\cmd;C:\WINDOWS\System32\OpenSSH\;C:\Program Files (x86)\Intel\Intel(R) Management Engine Components\DAL;C:\Program Files\Intel\Intel(R) Management Engine Components\DAL;C:\Program Files (x86)\Intel\Intel(R) Management Engine Components\IPT;C:\Program Files\Intel\Intel(R) Management Engine Components\IPT;C:\Program Files\Intel\WiFi\bin\;C:\Program Files\Common Files\Intel\WirelessCommon\;C:\Users\Usuario\AppData\Local\Microsoft\WindowsApps;C:\Program Files\JetBrains\IntelliJ IDEA Community Edition 2021.3\bin;;C:\Program Files (x86)\NUnit.org\nunit-console;C:\Program Files\Java\apache-maven-3.8.4\bin;;."/>
    <property name="maven.conf" value="C:\Program Files\Java\apache-maven-3.8.4/conf"/>
    <property name="java.specification.name" value="Java Platform API Specification"/>
    <property name="java.class.version" value="52.0"/>
    <property name="sun.management.compiler" value="HotSpot 64-Bit Tiered Compilers"/>
    <property name="os.version" value="6.3"/>
    <property name="library.jansi.path" value="C:\Program Files\Java\apache-maven-3.8.4\lib\jansi-native"/>
    <property name="user.home" value="C:\Users\Usuario"/>
    <property name="user.timezone" value="GMT-03:00"/>
    <property name="java.awt.printerjob" value="sun.awt.windows.WPrinterJob"/>
    <property name="java.specification.version" value="1.8"/>
    <property name="file.encoding" value="Cp1252"/>
    <property name="user.name" value="Usuario"/>
    <property name="java.class.path" value="C:\Program Files\Java\apache-maven-3.8.4\boot\plexus-classworlds-2.6.0.jar"/>
    <property name="java.vm.specification.version" value="1.8"/>
    <property name="sun.arch.data.model" value="64"/>
    <property name="java.home" value="C:\Program Files\Java\jre1.8.0_51"/>
    <property name="sun.java.command" value="org.codehaus.plexus.classworlds.launcher.Launcher test"/>
    <property name="java.specification.vendor" value="Oracle Corporation"/>
    <property name="user.language" value="pt"/>
    <property name="awt.toolkit" value="sun.awt.windows.WToolkit"/>
    <property name="java.vm.info" value="mixed mode"/>
    <property name="java.version" value="1.8.0_51"/>
    <property name="java.ext.dirs" value="C:\Program Files\Java\jre1.8.0_51\lib\ext;C:\WINDOWS\Sun\Java\lib\ext"/>
    <property name="sun.boot.class.path" value="C:\Program Files\Java\jre1.8.0_51\lib\resources.jar;C:\Program Files\Java\jre1.8.0_51\lib\rt.jar;C:\Program Files\Java\jre1.8.0_51\lib\sunrsasign.jar;C:\Program Files\Java\jre1.8.0_51\lib\jsse.jar;C:\Program Files\Java\jre1.8.0_51\lib\jce.jar;C:\Program Files\Java\jre1.8.0_51\lib\charsets.jar;C:\Program Files\Java\jre1.8.0_51\lib\jfr.jar;C:\Program Files\Java\jre1.8.0_51\classes"/>
    <property name="sun.stderr.encoding" value="cp850"/>
    <property name="java.vendor" value="Oracle Corporation"/>
    <property name="maven.home" value="C:\Program Files\Java\apache-maven-3.8.4"/>
    <property name="file.separator" value="\"/>
    <property name="java.vendor.url.bug" value="http://bugreport.sun.com/bugreport/"/>
    <property name="sun.cpu.endian" value="little"/>
    <property name="sun.io.unicode.encoding" value="UnicodeLittle"/>
    <property name="sun.stdout.encoding" value="cp850"/>
    <property name="sun.desktop" value="windows"/>
    <property name="sun.cpu.isalist" value="amd64"/>
  </properties>
  <testcase classname="As a user I want to abble to my contact information through a google form." name="Error messages for mandatory fields without information #1" time="11.061"/>
  <testcase classname="As a user I want to abble to my contact information through a google form." name="Error messages for mandatory fields without information #2" time="9.765"/>
  <testcase classname="As a user I want to abble to my contact information through a google form." name="Error messages for mandatory fields without information #3" time="9.378"/>
  <testcase classname="As a user I want to abble to my contact information through a google form." name="Error messages when not selecting the third option in the first question #1" time="9.097">
    <failure message="The error Please select the 3rd option is not present in the page" type="java.lang.AssertionError">java.lang.AssertionError: The error Please select the 3rd option is not present in the page
	at org.junit.Assert.fail(Assert.java:89)
	at org.junit.Assert.assertTrue(Assert.java:42)
	at com.playtech.steps.Steps.aErrorMessageShouldBePresented(Steps.java:116)
	at ✽.a error message &quot;Please select the 3rd option&quot; should be presented(file:///C:/Users/Usuario/Documents/Filipe/QA/pthomework/src/test/resources/features/form.feature:21)
</failure>
    <system-out>
Scenario Outline: Error messages when not selecting the third option in the first question &amp;#27;[90m# src/test/resources/features/form.feature:24&amp;#27;[0m
//span[contains(text(),&apos;Enviar&apos;)]
  &amp;#27;[32mGiven &amp;#27;[0m&amp;#27;[32mIm in the contact form page&amp;#27;[0m                                                        &amp;#27;[90m# com.playtech.steps.Steps.imInTheContactFormPage()&amp;#27;[0m

    Embedding prt [image/png 238027 bytes]

  &amp;#27;[32mWhen &amp;#27;[0m&amp;#27;[32mI select the option &amp;#27;[0m&amp;#27;[32m&amp;#27;[1m0&amp;#27;[0m&amp;#27;[32m in the first question&amp;#27;[0m                                         &amp;#27;[90m# com.playtech.steps.Steps.iSelectTheOptionInTheFirstQuestion(java.lang.Integer)&amp;#27;[0m

    Embedding prt [image/png 239429 bytes]

  &amp;#27;[32mAnd &amp;#27;[0m&amp;#27;[32mInform all fields&amp;#27;[0m                                                                    &amp;#27;[90m# com.playtech.steps.Steps.informAllFields()&amp;#27;[0m

    Embedding prt [image/png 64229 bytes]

  &amp;#27;[32mAnd &amp;#27;[0m&amp;#27;[32mclick on the submit button&amp;#27;[0m                                                           &amp;#27;[90m# com.playtech.steps.Steps.clickOnTheSubmitButton()&amp;#27;[0m

    Embedding prt [image/png 237866 bytes]

  &amp;#27;[31mThen &amp;#27;[0m&amp;#27;[31ma error message &amp;#27;[0m&amp;#27;[31m&amp;#27;[1m&quot;Please select the 3rd option&quot;&amp;#27;[0m&amp;#27;[31m should be presented&amp;#27;[0m                  &amp;#27;[90m# com.playtech.steps.Steps.aErrorMessageShouldBePresented(java.lang.String)&amp;#27;[0m
      &amp;#27;[31mjava.lang.AssertionError: The error Please select the 3rd option is not present in the page
	at org.junit.Assert.fail(Assert.java:89)
	at org.junit.Assert.assertTrue(Assert.java:42)
	at com.playtech.steps.Steps.aErrorMessageShouldBePresented(Steps.java:116)
	at âœ½.a error message &quot;Please select the 3rd option&quot; should be presented(file:///C:/Users/Usuario/Documents/Filipe/QA/pthomework/src/test/resources/features/form.feature:21)
&amp;#27;[0m

    Embedding prt [image/png 237866 bytes]

</system-out>
    <system-err>Starting ChromeDriver 97.0.4692.71 (adefa7837d02a07a604c1e6eff0b3a09422ab88d-refs/branch-heads/4692@{#1247}) on port 56497
Only local connections are allowed.
Please see https://chromedriver.chromium.org/security-considerations for suggestions on keeping ChromeDriver safe.
ChromeDriver was started successfully.
jan 14, 2022 12:19:07 PM org.openqa.selenium.remote.ProtocolHandshake createSession
INFORMAÇÕES: Detected dialect: W3C
jan 14, 2022 12:19:07 PM org.openqa.selenium.devtools.CdpVersionFinder findNearestMatch
ADVERTÊNCIA: Unable to find an exact match for CDP version 97, so returning the closest version found: 96
jan 14, 2022 12:19:07 PM org.openqa.selenium.devtools.CdpVersionFinder findNearestMatch
INFORMAÇÕES: Found CDP implementation for version 97 of 96
</system-err>
  </testcase>
  <testcase classname="As a user I want to abble to my contact information through a google form." name="Error messages when not selecting the third option in the first question #2" time="8.956">
    <failure message="The error Please select the 3rd option is not present in the page" type="java.lang.AssertionError">java.lang.AssertionError: The error Please select the 3rd option is not present in the page
	at org.junit.Assert.fail(Assert.java:89)
	at org.junit.Assert.assertTrue(Assert.java:42)
	at com.playtech.steps.Steps.aErrorMessageShouldBePresented(Steps.java:116)
	at ✽.a error message &quot;Please select the 3rd option&quot; should be presented(file:///C:/Users/Usuario/Documents/Filipe/QA/pthomework/src/test/resources/features/form.feature:21)
</failure>
    <system-out>
Scenario Outline: Error messages when not selecting the third option in the first question &amp;#27;[90m# src/test/resources/features/form.feature:25&amp;#27;[0m
//span[contains(text(),&apos;Enviar&apos;)]
  &amp;#27;[32mGiven &amp;#27;[0m&amp;#27;[32mIm in the contact form page&amp;#27;[0m                                                        &amp;#27;[90m# com.playtech.steps.Steps.imInTheContactFormPage()&amp;#27;[0m

    Embedding prt [image/png 238027 bytes]

  &amp;#27;[32mWhen &amp;#27;[0m&amp;#27;[32mI select the option &amp;#27;[0m&amp;#27;[32m&amp;#27;[1m1&amp;#27;[0m&amp;#27;[32m in the first question&amp;#27;[0m                                         &amp;#27;[90m# com.playtech.steps.Steps.iSelectTheOptionInTheFirstQuestion(java.lang.Integer)&amp;#27;[0m

    Embedding prt [image/png 238862 bytes]

  &amp;#27;[32mAnd &amp;#27;[0m&amp;#27;[32mInform all fields&amp;#27;[0m                                                                    &amp;#27;[90m# com.playtech.steps.Steps.informAllFields()&amp;#27;[0m

    Embedding prt [image/png 68118 bytes]

  &amp;#27;[32mAnd &amp;#27;[0m&amp;#27;[32mclick on the submit button&amp;#27;[0m                                                           &amp;#27;[90m# com.playtech.steps.Steps.clickOnTheSubmitButton()&amp;#27;[0m

    Embedding prt [image/png 237866 bytes]

  &amp;#27;[31mThen &amp;#27;[0m&amp;#27;[31ma error message &amp;#27;[0m&amp;#27;[31m&amp;#27;[1m&quot;Please select the 3rd option&quot;&amp;#27;[0m&amp;#27;[31m should be presented&amp;#27;[0m                  &amp;#27;[90m# com.playtech.steps.Steps.aErrorMessageShouldBePresented(java.lang.String)&amp;#27;[0m
      &amp;#27;[31mjava.lang.AssertionError: The error Please select the 3rd option is not present in the page
	at org.junit.Assert.fail(Assert.java:89)
	at org.junit.Assert.assertTrue(Assert.java:42)
	at com.playtech.steps.Steps.aErrorMessageShouldBePresented(Steps.java:116)
	at âœ½.a error message &quot;Please select the 3rd option&quot; should be presented(file:///C:/Users/Usuario/Documents/Filipe/QA/pthomework/src/test/resources/features/form.feature:21)
&amp;#27;[0m

    Embedding prt [image/png 237866 bytes]

</system-out>
    <system-err>Starting ChromeDriver 97.0.4692.71 (adefa7837d02a07a604c1e6eff0b3a09422ab88d-refs/branch-heads/4692@{#1247}) on port 55811
Only local connections are allowed.
Please see https://chromedriver.chromium.org/security-considerations for suggestions on keeping ChromeDriver safe.
ChromeDriver was started successfully.
jan 14, 2022 12:19:16 PM org.openqa.selenium.remote.ProtocolHandshake createSession
INFORMAÇÕES: Detected dialect: W3C
jan 14, 2022 12:19:16 PM org.openqa.selenium.devtools.CdpVersionFinder findNearestMatch
ADVERTÊNCIA: Unable to find an exact match for CDP version 97, so returning the closest version found: 96
jan 14, 2022 12:19:16 PM org.openqa.selenium.devtools.CdpVersionFinder findNearestMatch
INFORMAÇÕES: Found CDP implementation for version 97 of 96
</system-err>
  </testcase>
  <testcase classname="As a user I want to abble to my contact information through a google form." name="Error messages when not selecting the third option in the first question #3" time="9.296">
    <failure message="The error Please select the 3rd option is not present in the page" type="java.lang.AssertionError">java.lang.AssertionError: The error Please select the 3rd option is not present in the page
	at org.junit.Assert.fail(Assert.java:89)
	at org.junit.Assert.assertTrue(Assert.java:42)
	at com.playtech.steps.Steps.aErrorMessageShouldBePresented(Steps.java:116)
	at ✽.a error message &quot;Please select the 3rd option&quot; should be presented(file:///C:/Users/Usuario/Documents/Filipe/QA/pthomework/src/test/resources/features/form.feature:21)
</failure>
    <system-out>
Scenario Outline: Error messages when not selecting the third option in the first question &amp;#27;[90m# src/test/resources/features/form.feature:26&amp;#27;[0m
//span[contains(text(),&apos;Enviar&apos;)]
  &amp;#27;[32mGiven &amp;#27;[0m&amp;#27;[32mIm in the contact form page&amp;#27;[0m                                                        &amp;#27;[90m# com.playtech.steps.Steps.imInTheContactFormPage()&amp;#27;[0m

    Embedding prt [image/png 238027 bytes]

  &amp;#27;[32mWhen &amp;#27;[0m&amp;#27;[32mI select the option &amp;#27;[0m&amp;#27;[32m&amp;#27;[1m3&amp;#27;[0m&amp;#27;[32m in the first question&amp;#27;[0m                                         &amp;#27;[90m# com.playtech.steps.Steps.iSelectTheOptionInTheFirstQuestion(java.lang.Integer)&amp;#27;[0m

    Embedding prt [image/png 239775 bytes]

  &amp;#27;[32mAnd &amp;#27;[0m&amp;#27;[32mInform all fields&amp;#27;[0m                                                                    &amp;#27;[90m# com.playtech.steps.Steps.informAllFields()&amp;#27;[0m

    Embedding prt [image/png 64229 bytes]

  &amp;#27;[32mAnd &amp;#27;[0m&amp;#27;[32mclick on the submit button&amp;#27;[0m                                                           &amp;#27;[90m# com.playtech.steps.Steps.clickOnTheSubmitButton()&amp;#27;[0m

    Embedding prt [image/png 237866 bytes]

  &amp;#27;[31mThen &amp;#27;[0m&amp;#27;[31ma error message &amp;#27;[0m&amp;#27;[31m&amp;#27;[1m&quot;Please select the 3rd option&quot;&amp;#27;[0m&amp;#27;[31m should be presented&amp;#27;[0m                  &amp;#27;[90m# com.playtech.steps.Steps.aErrorMessageShouldBePresented(java.lang.String)&amp;#27;[0m
      &amp;#27;[31mjava.lang.AssertionError: The error Please select the 3rd option is not present in the page
	at org.junit.Assert.fail(Assert.java:89)
	at org.junit.Assert.assertTrue(Assert.java:42)
	at com.playtech.steps.Steps.aErrorMessageShouldBePresented(Steps.java:116)
	at âœ½.a error message &quot;Please select the 3rd option&quot; should be presented(file:///C:/Users/Usuario/Documents/Filipe/QA/pthomework/src/test/resources/features/form.feature:21)
&amp;#27;[0m

    Embedding prt [image/png 237866 bytes]

</system-out>
    <system-err>Starting ChromeDriver 97.0.4692.71 (adefa7837d02a07a604c1e6eff0b3a09422ab88d-refs/branch-heads/4692@{#1247}) on port 51914
Only local connections are allowed.
Please see https://chromedriver.chromium.org/security-considerations for suggestions on keeping ChromeDriver safe.
ChromeDriver was started successfully.
jan 14, 2022 12:19:25 PM org.openqa.selenium.remote.ProtocolHandshake createSession
INFORMAÇÕES: Detected dialect: W3C
jan 14, 2022 12:19:25 PM org.openqa.selenium.devtools.CdpVersionFinder findNearestMatch
ADVERTÊNCIA: Unable to find an exact match for CDP version 97, so returning the closest version found: 96
jan 14, 2022 12:19:25 PM org.openqa.selenium.devtools.CdpVersionFinder findNearestMatch
INFORMAÇÕES: Found CDP implementation for version 97 of 96
</system-err>
  </testcase>
  <testcase classname="As a user I want to abble to my contact information through a google form." name="Error messages when not selecting the third option in the first question #4" time="10.172">
    <failure message="The error Please select the 3rd option is not present in the page" type="java.lang.AssertionError">java.lang.AssertionError: The error Please select the 3rd option is not present in the page
	at org.junit.Assert.fail(Assert.java:89)
	at org.junit.Assert.assertTrue(Assert.java:42)
	at com.playtech.steps.Steps.aErrorMessageShouldBePresented(Steps.java:116)
	at ✽.a error message &quot;Please select the 3rd option&quot; should be presented(file:///C:/Users/Usuario/Documents/Filipe/QA/pthomework/src/test/resources/features/form.feature:21)
</failure>
    <system-out>
Scenario Outline: Error messages when not selecting the third option in the first question &amp;#27;[90m# src/test/resources/features/form.feature:27&amp;#27;[0m
//span[contains(text(),&apos;Enviar&apos;)]
  &amp;#27;[32mGiven &amp;#27;[0m&amp;#27;[32mIm in the contact form page&amp;#27;[0m                                                        &amp;#27;[90m# com.playtech.steps.Steps.imInTheContactFormPage()&amp;#27;[0m

    Embedding prt [image/png 238199 bytes]

  &amp;#27;[32mWhen &amp;#27;[0m&amp;#27;[32mI select the option &amp;#27;[0m&amp;#27;[32m&amp;#27;[1m4&amp;#27;[0m&amp;#27;[32m in the first question&amp;#27;[0m                                         &amp;#27;[90m# com.playtech.steps.Steps.iSelectTheOptionInTheFirstQuestion(java.lang.Integer)&amp;#27;[0m

    Embedding prt [image/png 201315 bytes]

  &amp;#27;[32mAnd &amp;#27;[0m&amp;#27;[32mInform all fields&amp;#27;[0m                                                                    &amp;#27;[90m# com.playtech.steps.Steps.informAllFields()&amp;#27;[0m

    Embedding prt [image/png 68118 bytes]

  &amp;#27;[32mAnd &amp;#27;[0m&amp;#27;[32mclick on the submit button&amp;#27;[0m                                                           &amp;#27;[90m# com.playtech.steps.Steps.clickOnTheSubmitButton()&amp;#27;[0m

    Embedding prt [image/png 237866 bytes]

  &amp;#27;[31mThen &amp;#27;[0m&amp;#27;[31ma error message &amp;#27;[0m&amp;#27;[31m&amp;#27;[1m&quot;Please select the 3rd option&quot;&amp;#27;[0m&amp;#27;[31m should be presented&amp;#27;[0m                  &amp;#27;[90m# com.playtech.steps.Steps.aErrorMessageShouldBePresented(java.lang.String)&amp;#27;[0m
      &amp;#27;[31mjava.lang.AssertionError: The error Please select the 3rd option is not present in the page
	at org.junit.Assert.fail(Assert.java:89)
	at org.junit.Assert.assertTrue(Assert.java:42)
	at com.playtech.steps.Steps.aErrorMessageShouldBePresented(Steps.java:116)
	at âœ½.a error message &quot;Please select the 3rd option&quot; should be presented(file:///C:/Users/Usuario/Documents/Filipe/QA/pthomework/src/test/resources/features/form.feature:21)
&amp;#27;[0m

    Embedding prt [image/png 237866 bytes]

</system-out>
    <system-err>Starting ChromeDriver 97.0.4692.71 (adefa7837d02a07a604c1e6eff0b3a09422ab88d-refs/branch-heads/4692@{#1247}) on port 57588
Only local connections are allowed.
Please see https://chromedriver.chromium.org/security-considerations for suggestions on keeping ChromeDriver safe.
ChromeDriver was started successfully.
jan 14, 2022 12:19:34 PM org.openqa.selenium.remote.ProtocolHandshake createSession
INFORMAÇÕES: Detected dialect: W3C
jan 14, 2022 12:19:34 PM org.openqa.selenium.devtools.CdpVersionFinder findNearestMatch
ADVERTÊNCIA: Unable to find an exact match for CDP version 97, so returning the closest version found: 96
jan 14, 2022 12:19:34 PM org.openqa.selenium.devtools.CdpVersionFinder findNearestMatch
INFORMAÇÕES: Found CDP implementation for version 97 of 96
</system-err>
  </testcase>
  <testcase classname="As a user I want to abble to my contact information through a google form." name="Error messages when not selecting the third option in the first question #5" time="8.663">
    <failure message="The error Please select the 3rd option is not present in the page" type="java.lang.AssertionError">java.lang.AssertionError: The error Please select the 3rd option is not present in the page
	at org.junit.Assert.fail(Assert.java:89)
	at org.junit.Assert.assertTrue(Assert.java:42)
	at com.playtech.steps.Steps.aErrorMessageShouldBePresented(Steps.java:116)
	at ✽.a error message &quot;Please select the 3rd option&quot; should be presented(file:///C:/Users/Usuario/Documents/Filipe/QA/pthomework/src/test/resources/features/form.feature:21)
</failure>
    <system-out>
Scenario Outline: Error messages when not selecting the third option in the first question &amp;#27;[90m# src/test/resources/features/form.feature:28&amp;#27;[0m
//span[contains(text(),&apos;Enviar&apos;)]
  &amp;#27;[32mGiven &amp;#27;[0m&amp;#27;[32mIm in the contact form page&amp;#27;[0m                                                        &amp;#27;[90m# com.playtech.steps.Steps.imInTheContactFormPage()&amp;#27;[0m

    Embedding prt [image/png 238027 bytes]

  &amp;#27;[32mWhen &amp;#27;[0m&amp;#27;[32mI select the option &amp;#27;[0m&amp;#27;[32m&amp;#27;[1m5&amp;#27;[0m&amp;#27;[32m in the first question&amp;#27;[0m                                         &amp;#27;[90m# com.playtech.steps.Steps.iSelectTheOptionInTheFirstQuestion(java.lang.Integer)&amp;#27;[0m

    Embedding prt [image/png 153666 bytes]

  &amp;#27;[32mAnd &amp;#27;[0m&amp;#27;[32mInform all fields&amp;#27;[0m                                                                    &amp;#27;[90m# com.playtech.steps.Steps.informAllFields()&amp;#27;[0m

    Embedding prt [image/png 64229 bytes]

  &amp;#27;[32mAnd &amp;#27;[0m&amp;#27;[32mclick on the submit button&amp;#27;[0m                                                           &amp;#27;[90m# com.playtech.steps.Steps.clickOnTheSubmitButton()&amp;#27;[0m

    Embedding prt [image/png 237866 bytes]

  &amp;#27;[31mThen &amp;#27;[0m&amp;#27;[31ma error message &amp;#27;[0m&amp;#27;[31m&amp;#27;[1m&quot;Please select the 3rd option&quot;&amp;#27;[0m&amp;#27;[31m should be presented&amp;#27;[0m                  &amp;#27;[90m# com.playtech.steps.Steps.aErrorMessageShouldBePresented(java.lang.String)&amp;#27;[0m
      &amp;#27;[31mjava.lang.AssertionError: The error Please select the 3rd option is not present in the page
	at org.junit.Assert.fail(Assert.java:89)
	at org.junit.Assert.assertTrue(Assert.java:42)
	at com.playtech.steps.Steps.aErrorMessageShouldBePresented(Steps.java:116)
	at âœ½.a error message &quot;Please select the 3rd option&quot; should be presented(file:///C:/Users/Usuario/Documents/Filipe/QA/pthomework/src/test/resources/features/form.feature:21)
&amp;#27;[0m

    Embedding prt [image/png 237866 bytes]

</system-out>
    <system-err>Starting ChromeDriver 97.0.4692.71 (adefa7837d02a07a604c1e6eff0b3a09422ab88d-refs/branch-heads/4692@{#1247}) on port 57805
Only local connections are allowed.
Please see https://chromedriver.chromium.org/security-considerations for suggestions on keeping ChromeDriver safe.
ChromeDriver was started successfully.
jan 14, 2022 12:19:45 PM org.openqa.selenium.remote.ProtocolHandshake createSession
INFORMAÇÕES: Detected dialect: W3C
jan 14, 2022 12:19:45 PM org.openqa.selenium.devtools.CdpVersionFinder findNearestMatch
ADVERTÊNCIA: Unable to find an exact match for CDP version 97, so returning the closest version found: 96
jan 14, 2022 12:19:45 PM org.openqa.selenium.devtools.CdpVersionFinder findNearestMatch
INFORMAÇÕES: Found CDP implementation for version 97 of 96
</system-err>
  </testcase>
  <testcase classname="As a user I want to abble to my contact information through a google form." name="Clear the selection on the first question #1" time="8.368"/>
  <testcase classname="As a user I want to abble to my contact information through a google form." name="Clear the selection on the first question #2" time="6.927"/>
  <testcase classname="As a user I want to abble to my contact information through a google form." name="Clear the selection on the first question #3" time="8.003"/>
  <testcase classname="As a user I want to abble to my contact information through a google form." name="Clear the selection on the first question #4" time="7.451"/>
  <testcase classname="As a user I want to abble to my contact information through a google form." name="Clear the selection on the first question #5" time="8.346"/>
  <testcase classname="As a user I want to abble to my contact information through a google form." name="Clear the selection on the first question #6" time="7.531"/>
  <testcase classname="As a user I want to abble to my contact information through a google form." name="Clear all the fields in the" time="10.751"/>
  <testcase classname="As a user I want to abble to my contact information through a google form." name="Error messages for a invalid e-mail" time="8.598"/>
  <testcase classname="As a user I want to abble to my contact information through a google form." name="Sending the form with non-mandatory fields without information #1" time="8.912"/>
  <testcase classname="As a user I want to abble to my contact information through a google form." name="Sending the form with non-mandatory fields without information #2" time="8.151"/>
  <testcase classname="As a user I want to abble to my contact information through a google form." name="Sending the form with all fields filled" time="8.97"/>
</testsuite>